{"/Users/ericoliveira/Documents/htdocs/interview_tests/metacto_homework/api/src/database/db.js": {"path":"/Users/ericoliveira/Documents/htdocs/interview_tests/metacto_homework/api/src/database/db.js","statementMap":{"0":{"start":{"line":1,"column":17},"end":{"line":1,"column":42}},"1":{"start":{"line":2,"column":11},"end":{"line":2,"column":24}},"2":{"start":{"line":3,"column":13},"end":{"line":3,"column":28}},"3":{"start":{"line":5,"column":15},"end":{"line":5,"column":60}},"4":{"start":{"line":6,"column":19},"end":{"line":6,"column":53}},"5":{"start":{"line":9,"column":11},"end":{"line":9,"column":31}},"6":{"start":{"line":11,"column":0},"end":{"line":11,"column":44}},"7":{"start":{"line":14,"column":27},"end":{"line":23,"column":1}},"8":{"start":{"line":15,"column":17},"end":{"line":15,"column":52}},"9":{"start":{"line":17,"column":2},"end":{"line":22,"column":3}},"10":{"start":{"line":18,"column":4},"end":{"line":18,"column":20}},"11":{"start":{"line":19,"column":4},"end":{"line":19,"column":47}},"12":{"start":{"line":21,"column":4},"end":{"line":21,"column":63}},"13":{"start":{"line":26,"column":0},"end":{"line":26,"column":21}},"14":{"start":{"line":28,"column":0},"end":{"line":28,"column":20}}},"fnMap":{"0":{"name":"(anonymous_0)","decl":{"start":{"line":14,"column":27},"end":{"line":14,"column":28}},"loc":{"start":{"line":14,"column":33},"end":{"line":23,"column":1}},"line":14}},"branchMap":{},"s":{"0":0,"1":0,"2":0,"3":0,"4":0,"5":0,"6":0,"7":0,"8":0,"9":0,"10":0,"11":0,"12":0,"13":0,"14":0},"f":{"0":0},"b":{}}
,"/Users/ericoliveira/Documents/htdocs/interview_tests/metacto_homework/api/src/middleware/validation.js": {"path":"/Users/ericoliveira/Documents/htdocs/interview_tests/metacto_homework/api/src/middleware/validation.js","statementMap":{"0":{"start":{"line":2,"column":25},"end":{"line":15,"column":1}},"1":{"start":{"line":3,"column":23},"end":{"line":3,"column":31}},"2":{"start":{"line":5,"column":2},"end":{"line":7,"column":3}},"3":{"start":{"line":6,"column":4},"end":{"line":6,"column":98}},"4":{"start":{"line":9,"column":2},"end":{"line":11,"column":3}},"5":{"start":{"line":10,"column":4},"end":{"line":10,"column":85}},"6":{"start":{"line":13,"column":2},"end":{"line":13,"column":38}},"7":{"start":{"line":14,"column":2},"end":{"line":14,"column":9}},"8":{"start":{"line":17,"column":24},"end":{"line":43,"column":1}},"9":{"start":{"line":18,"column":41},"end":{"line":18,"column":49}},"10":{"start":{"line":20,"column":2},"end":{"line":22,"column":3}},"11":{"start":{"line":21,"column":4},"end":{"line":21,"column":95}},"12":{"start":{"line":24,"column":2},"end":{"line":26,"column":3}},"13":{"start":{"line":25,"column":4},"end":{"line":25,"column":101}},"14":{"start":{"line":28,"column":2},"end":{"line":30,"column":3}},"15":{"start":{"line":29,"column":4},"end":{"line":29,"column":86}},"16":{"start":{"line":32,"column":2},"end":{"line":34,"column":3}},"17":{"start":{"line":33,"column":4},"end":{"line":33,"column":83}},"18":{"start":{"line":36,"column":2},"end":{"line":38,"column":3}},"19":{"start":{"line":37,"column":4},"end":{"line":37,"column":90}},"20":{"start":{"line":40,"column":2},"end":{"line":40,"column":32}},"21":{"start":{"line":41,"column":2},"end":{"line":41,"column":44}},"22":{"start":{"line":42,"column":2},"end":{"line":42,"column":9}},"23":{"start":{"line":45,"column":21},"end":{"line":61,"column":1}},"24":{"start":{"line":46,"column":42},"end":{"line":46,"column":50}},"25":{"start":{"line":48,"column":2},"end":{"line":50,"column":3}},"26":{"start":{"line":49,"column":4},"end":{"line":49,"column":89}},"27":{"start":{"line":52,"column":2},"end":{"line":54,"column":3}},"28":{"start":{"line":53,"column":4},"end":{"line":53,"column":86}},"29":{"start":{"line":56,"column":2},"end":{"line":58,"column":3}},"30":{"start":{"line":57,"column":4},"end":{"line":57,"column":106}},"31":{"start":{"line":60,"column":2},"end":{"line":60,"column":9}},"32":{"start":{"line":63,"column":0},"end":{"line":67,"column":2}}},"fnMap":{"0":{"name":"(anonymous_0)","decl":{"start":{"line":2,"column":25},"end":{"line":2,"column":26}},"loc":{"start":{"line":2,"column":45},"end":{"line":15,"column":1}},"line":2},"1":{"name":"(anonymous_1)","decl":{"start":{"line":17,"column":24},"end":{"line":17,"column":25}},"loc":{"start":{"line":17,"column":44},"end":{"line":43,"column":1}},"line":17},"2":{"name":"(anonymous_2)","decl":{"start":{"line":45,"column":21},"end":{"line":45,"column":22}},"loc":{"start":{"line":45,"column":41},"end":{"line":61,"column":1}},"line":45}},"branchMap":{"0":{"loc":{"start":{"line":5,"column":2},"end":{"line":7,"column":3}},"type":"if","locations":[{"start":{"line":5,"column":2},"end":{"line":7,"column":3}},{"start":{},"end":{}}],"line":5},"1":{"loc":{"start":{"line":5,"column":6},"end":{"line":5,"column":79}},"type":"binary-expr","locations":[{"start":{"line":5,"column":6},"end":{"line":5,"column":15}},{"start":{"line":5,"column":19},"end":{"line":5,"column":47}},{"start":{"line":5,"column":51},"end":{"line":5,"column":79}}],"line":5},"2":{"loc":{"start":{"line":9,"column":2},"end":{"line":11,"column":3}},"type":"if","locations":[{"start":{"line":9,"column":2},"end":{"line":11,"column":3}},{"start":{},"end":{}}],"line":9},"3":{"loc":{"start":{"line":20,"column":2},"end":{"line":22,"column":3}},"type":"if","locations":[{"start":{"line":20,"column":2},"end":{"line":22,"column":3}},{"start":{},"end":{}}],"line":20},"4":{"loc":{"start":{"line":20,"column":6},"end":{"line":20,"column":70}},"type":"binary-expr","locations":[{"start":{"line":20,"column":6},"end":{"line":20,"column":12}},{"start":{"line":20,"column":16},"end":{"line":20,"column":41}},{"start":{"line":20,"column":45},"end":{"line":20,"column":70}}],"line":20},"5":{"loc":{"start":{"line":24,"column":2},"end":{"line":26,"column":3}},"type":"if","locations":[{"start":{"line":24,"column":2},"end":{"line":26,"column":3}},{"start":{},"end":{}}],"line":24},"6":{"loc":{"start":{"line":24,"column":6},"end":{"line":24,"column":88}},"type":"binary-expr","locations":[{"start":{"line":24,"column":6},"end":{"line":24,"column":18}},{"start":{"line":24,"column":22},"end":{"line":24,"column":53}},{"start":{"line":24,"column":57},"end":{"line":24,"column":88}}],"line":24},"7":{"loc":{"start":{"line":28,"column":2},"end":{"line":30,"column":3}},"type":"if","locations":[{"start":{"line":28,"column":2},"end":{"line":30,"column":3}},{"start":{},"end":{}}],"line":28},"8":{"loc":{"start":{"line":28,"column":6},"end":{"line":28,"column":43}},"type":"binary-expr","locations":[{"start":{"line":28,"column":6},"end":{"line":28,"column":13}},{"start":{"line":28,"column":17},"end":{"line":28,"column":43}}],"line":28},"9":{"loc":{"start":{"line":32,"column":2},"end":{"line":34,"column":3}},"type":"if","locations":[{"start":{"line":32,"column":2},"end":{"line":34,"column":3}},{"start":{},"end":{}}],"line":32},"10":{"loc":{"start":{"line":36,"column":2},"end":{"line":38,"column":3}},"type":"if","locations":[{"start":{"line":36,"column":2},"end":{"line":38,"column":3}},{"start":{},"end":{}}],"line":36},"11":{"loc":{"start":{"line":48,"column":2},"end":{"line":50,"column":3}},"type":"if","locations":[{"start":{"line":48,"column":2},"end":{"line":50,"column":3}},{"start":{},"end":{}}],"line":48},"12":{"loc":{"start":{"line":48,"column":6},"end":{"line":48,"column":49}},"type":"binary-expr","locations":[{"start":{"line":48,"column":6},"end":{"line":48,"column":16}},{"start":{"line":48,"column":20},"end":{"line":48,"column":49}}],"line":48},"13":{"loc":{"start":{"line":52,"column":2},"end":{"line":54,"column":3}},"type":"if","locations":[{"start":{"line":52,"column":2},"end":{"line":54,"column":3}},{"start":{},"end":{}}],"line":52},"14":{"loc":{"start":{"line":52,"column":6},"end":{"line":52,"column":43}},"type":"binary-expr","locations":[{"start":{"line":52,"column":6},"end":{"line":52,"column":13}},{"start":{"line":52,"column":17},"end":{"line":52,"column":43}}],"line":52},"15":{"loc":{"start":{"line":56,"column":2},"end":{"line":58,"column":3}},"type":"if","locations":[{"start":{"line":56,"column":2},"end":{"line":58,"column":3}},{"start":{},"end":{}}],"line":56},"16":{"loc":{"start":{"line":56,"column":6},"end":{"line":56,"column":58}},"type":"binary-expr","locations":[{"start":{"line":56,"column":6},"end":{"line":56,"column":15}},{"start":{"line":56,"column":19},"end":{"line":56,"column":58}}],"line":56}},"s":{"0":2,"1":9,"2":9,"3":5,"4":4,"5":1,"6":3,"7":3,"8":2,"9":10,"10":10,"11":1,"12":9,"13":1,"14":8,"15":2,"16":6,"17":1,"18":5,"19":1,"20":4,"21":4,"22":4,"23":2,"24":8,"25":8,"26":2,"27":6,"28":2,"29":4,"30":2,"31":2,"32":2},"f":{"0":9,"1":10,"2":8},"b":{"0":[5,4],"1":[9,6,5],"2":[1,3],"3":[1,9],"4":[10,9,9],"5":[1,8],"6":[9,8,8],"7":[2,6],"8":[8,7],"9":[1,5],"10":[1,4],"11":[2,6],"12":[8,7],"13":[2,4],"14":[6,5],"15":[2,2],"16":[4,3]},"_coverageSchema":"1a1c01bbd47fc00a2c39e90264f33305004495a9","hash":"bfcf267c732a3c801d78d3b14d13bc2e72b64a49"}
,"/Users/ericoliveira/Documents/htdocs/interview_tests/metacto_homework/api/src/routes/features.js": {"path":"/Users/ericoliveira/Documents/htdocs/interview_tests/metacto_homework/api/src/routes/features.js","statementMap":{"0":{"start":{"line":1,"column":16},"end":{"line":1,"column":34}},"1":{"start":{"line":2,"column":15},"end":{"line":2,"column":31}},"2":{"start":{"line":3,"column":11},"end":{"line":3,"column":36}},"3":{"start":{"line":4,"column":28},"end":{"line":4,"column":63}},"4":{"start":{"line":7,"column":0},"end":{"line":33,"column":3}},"5":{"start":{"line":8,"column":17},"end":{"line":8,"column":69}},"6":{"start":{"line":10,"column":2},"end":{"line":32,"column":3}},"7":{"start":{"line":11,"column":18},"end":{"line":26,"column":5}},"8":{"start":{"line":28,"column":21},"end":{"line":28,"column":44}},"9":{"start":{"line":29,"column":4},"end":{"line":29,"column":23}},"10":{"start":{"line":31,"column":4},"end":{"line":31,"column":76}},"11":{"start":{"line":36,"column":0},"end":{"line":68,"column":3}},"12":{"start":{"line":37,"column":20},"end":{"line":37,"column":43}},"13":{"start":{"line":38,"column":17},"end":{"line":38,"column":69}},"14":{"start":{"line":40,"column":2},"end":{"line":67,"column":3}},"15":{"start":{"line":41,"column":18},"end":{"line":56,"column":5}},"16":{"start":{"line":58,"column":20},"end":{"line":58,"column":52}},"17":{"start":{"line":60,"column":4},"end":{"line":62,"column":5}},"18":{"start":{"line":61,"column":6},"end":{"line":61,"column":66}},"19":{"start":{"line":64,"column":4},"end":{"line":64,"column":22}},"20":{"start":{"line":66,"column":4},"end":{"line":66,"column":76}},"21":{"start":{"line":71,"column":0},"end":{"line":97,"column":3}},"22":{"start":{"line":72,"column":41},"end":{"line":72,"column":49}},"23":{"start":{"line":74,"column":2},"end":{"line":96,"column":3}},"24":{"start":{"line":76,"column":17},"end":{"line":76,"column":76}},"25":{"start":{"line":78,"column":4},"end":{"line":80,"column":5}},"26":{"start":{"line":79,"column":6},"end":{"line":79,"column":63}},"27":{"start":{"line":83,"column":19},"end":{"line":83,"column":100}},"28":{"start":{"line":84,"column":19},"end":{"line":84,"column":57}},"29":{"start":{"line":87,"column":20},"end":{"line":91,"column":34}},"30":{"start":{"line":93,"column":4},"end":{"line":93,"column":34}},"31":{"start":{"line":95,"column":4},"end":{"line":95,"column":76}},"32":{"start":{"line":100,"column":0},"end":{"line":131,"column":3}},"33":{"start":{"line":101,"column":20},"end":{"line":101,"column":43}},"34":{"start":{"line":102,"column":41},"end":{"line":102,"column":49}},"35":{"start":{"line":104,"column":2},"end":{"line":130,"column":3}},"36":{"start":{"line":106,"column":20},"end":{"line":106,"column":90}},"37":{"start":{"line":108,"column":4},"end":{"line":110,"column":5}},"38":{"start":{"line":109,"column":6},"end":{"line":109,"column":66}},"39":{"start":{"line":112,"column":4},"end":{"line":114,"column":5}},"40":{"start":{"line":113,"column":6},"end":{"line":113,"column":84}},"41":{"start":{"line":117,"column":4},"end":{"line":118,"column":42}},"42":{"start":{"line":121,"column":27},"end":{"line":125,"column":21}},"43":{"start":{"line":127,"column":4},"end":{"line":127,"column":29}},"44":{"start":{"line":129,"column":4},"end":{"line":129,"column":76}},"45":{"start":{"line":134,"column":0},"end":{"line":161,"column":3}},"46":{"start":{"line":135,"column":20},"end":{"line":135,"column":43}},"47":{"start":{"line":136,"column":17},"end":{"line":136,"column":43}},"48":{"start":{"line":138,"column":2},"end":{"line":140,"column":3}},"49":{"start":{"line":139,"column":4},"end":{"line":139,"column":65}},"50":{"start":{"line":142,"column":2},"end":{"line":160,"column":3}},"51":{"start":{"line":144,"column":20},"end":{"line":144,"column":90}},"52":{"start":{"line":146,"column":4},"end":{"line":148,"column":5}},"53":{"start":{"line":147,"column":6},"end":{"line":147,"column":66}},"54":{"start":{"line":150,"column":4},"end":{"line":152,"column":5}},"55":{"start":{"line":151,"column":6},"end":{"line":151,"column":86}},"56":{"start":{"line":155,"column":4},"end":{"line":155,"column":67}},"57":{"start":{"line":157,"column":4},"end":{"line":157,"column":58}},"58":{"start":{"line":159,"column":4},"end":{"line":159,"column":76}},"59":{"start":{"line":163,"column":0},"end":{"line":163,"column":24}}},"fnMap":{"0":{"name":"(anonymous_0)","decl":{"start":{"line":7,"column":16},"end":{"line":7,"column":17}},"loc":{"start":{"line":7,"column":30},"end":{"line":33,"column":1}},"line":7},"1":{"name":"(anonymous_1)","decl":{"start":{"line":36,"column":19},"end":{"line":36,"column":20}},"loc":{"start":{"line":36,"column":33},"end":{"line":68,"column":1}},"line":36},"2":{"name":"(anonymous_2)","decl":{"start":{"line":71,"column":34},"end":{"line":71,"column":35}},"loc":{"start":{"line":71,"column":48},"end":{"line":97,"column":1}},"line":71},"3":{"name":"(anonymous_3)","decl":{"start":{"line":100,"column":36},"end":{"line":100,"column":37}},"loc":{"start":{"line":100,"column":50},"end":{"line":131,"column":1}},"line":100},"4":{"name":"(anonymous_4)","decl":{"start":{"line":134,"column":22},"end":{"line":134,"column":23}},"loc":{"start":{"line":134,"column":36},"end":{"line":161,"column":1}},"line":134}},"branchMap":{"0":{"loc":{"start":{"line":8,"column":17},"end":{"line":8,"column":69}},"type":"cond-expr","locations":[{"start":{"line":8,"column":36},"end":{"line":8,"column":62}},{"start":{"line":8,"column":65},"end":{"line":8,"column":69}}],"line":8},"1":{"loc":{"start":{"line":22,"column":10},"end":{"line":22,"column":133}},"type":"cond-expr","locations":[{"start":{"line":22,"column":19},"end":{"line":22,"column":111}},{"start":{"line":22,"column":114},"end":{"line":22,"column":133}}],"line":22},"2":{"loc":{"start":{"line":38,"column":17},"end":{"line":38,"column":69}},"type":"cond-expr","locations":[{"start":{"line":38,"column":36},"end":{"line":38,"column":62}},{"start":{"line":38,"column":65},"end":{"line":38,"column":69}}],"line":38},"3":{"loc":{"start":{"line":52,"column":10},"end":{"line":52,"column":133}},"type":"cond-expr","locations":[{"start":{"line":52,"column":19},"end":{"line":52,"column":111}},{"start":{"line":52,"column":114},"end":{"line":52,"column":133}}],"line":52},"4":{"loc":{"start":{"line":60,"column":4},"end":{"line":62,"column":5}},"type":"if","locations":[{"start":{"line":60,"column":4},"end":{"line":62,"column":5}},{"start":{},"end":{}}],"line":60},"5":{"loc":{"start":{"line":78,"column":4},"end":{"line":80,"column":5}},"type":"if","locations":[{"start":{"line":78,"column":4},"end":{"line":80,"column":5}},{"start":{},"end":{}}],"line":78},"6":{"loc":{"start":{"line":108,"column":4},"end":{"line":110,"column":5}},"type":"if","locations":[{"start":{"line":108,"column":4},"end":{"line":110,"column":5}},{"start":{},"end":{}}],"line":108},"7":{"loc":{"start":{"line":112,"column":4},"end":{"line":114,"column":5}},"type":"if","locations":[{"start":{"line":112,"column":4},"end":{"line":114,"column":5}},{"start":{},"end":{}}],"line":112},"8":{"loc":{"start":{"line":138,"column":2},"end":{"line":140,"column":3}},"type":"if","locations":[{"start":{"line":138,"column":2},"end":{"line":140,"column":3}},{"start":{},"end":{}}],"line":138},"9":{"loc":{"start":{"line":146,"column":4},"end":{"line":148,"column":5}},"type":"if","locations":[{"start":{"line":146,"column":4},"end":{"line":148,"column":5}},{"start":{},"end":{}}],"line":146},"10":{"loc":{"start":{"line":150,"column":4},"end":{"line":152,"column":5}},"type":"if","locations":[{"start":{"line":150,"column":4},"end":{"line":152,"column":5}},{"start":{},"end":{}}],"line":150}},"s":{"0":1,"1":1,"2":1,"3":1,"4":1,"5":0,"6":0,"7":0,"8":0,"9":0,"10":0,"11":1,"12":0,"13":0,"14":0,"15":0,"16":0,"17":0,"18":0,"19":0,"20":0,"21":1,"22":0,"23":0,"24":0,"25":0,"26":0,"27":0,"28":0,"29":0,"30":0,"31":0,"32":1,"33":0,"34":0,"35":0,"36":0,"37":0,"38":0,"39":0,"40":0,"41":0,"42":0,"43":0,"44":0,"45":1,"46":0,"47":0,"48":0,"49":0,"50":0,"51":0,"52":0,"53":0,"54":0,"55":0,"56":0,"57":0,"58":0,"59":1},"f":{"0":0,"1":0,"2":0,"3":0,"4":0},"b":{"0":[0,0],"1":[0,0],"2":[0,0],"3":[0,0],"4":[0,0],"5":[0,0],"6":[0,0],"7":[0,0],"8":[0,0],"9":[0,0],"10":[0,0]},"_coverageSchema":"1a1c01bbd47fc00a2c39e90264f33305004495a9","hash":"1c01398600a31c7c4ae9fe2164e7c5c5d641b3bc"}
,"/Users/ericoliveira/Documents/htdocs/interview_tests/metacto_homework/api/src/routes/users.js": {"path":"/Users/ericoliveira/Documents/htdocs/interview_tests/metacto_homework/api/src/routes/users.js","statementMap":{"0":{"start":{"line":1,"column":16},"end":{"line":1,"column":34}},"1":{"start":{"line":2,"column":15},"end":{"line":2,"column":31}},"2":{"start":{"line":3,"column":11},"end":{"line":3,"column":36}},"3":{"start":{"line":4,"column":29},"end":{"line":4,"column":64}},"4":{"start":{"line":7,"column":0},"end":{"line":30,"column":3}},"5":{"start":{"line":8,"column":23},"end":{"line":8,"column":31}},"6":{"start":{"line":10,"column":2},"end":{"line":29,"column":3}},"7":{"start":{"line":12,"column":17},"end":{"line":12,"column":94}},"8":{"start":{"line":14,"column":4},"end":{"line":17,"column":5}},"9":{"start":{"line":16,"column":6},"end":{"line":16,"column":28}},"10":{"start":{"line":20,"column":19},"end":{"line":20,"column":72}},"11":{"start":{"line":21,"column":19},"end":{"line":21,"column":39}},"12":{"start":{"line":23,"column":4},"end":{"line":26,"column":7}},"13":{"start":{"line":28,"column":4},"end":{"line":28,"column":76}},"14":{"start":{"line":32,"column":0},"end":{"line":32,"column":24}}},"fnMap":{"0":{"name":"(anonymous_0)","decl":{"start":{"line":7,"column":35},"end":{"line":7,"column":36}},"loc":{"start":{"line":7,"column":49},"end":{"line":30,"column":1}},"line":7}},"branchMap":{"0":{"loc":{"start":{"line":14,"column":4},"end":{"line":17,"column":5}},"type":"if","locations":[{"start":{"line":14,"column":4},"end":{"line":17,"column":5}},{"start":{},"end":{}}],"line":14}},"s":{"0":1,"1":1,"2":1,"3":1,"4":1,"5":0,"6":0,"7":0,"8":0,"9":0,"10":0,"11":0,"12":0,"13":0,"14":1},"f":{"0":0},"b":{"0":[0,0]},"_coverageSchema":"1a1c01bbd47fc00a2c39e90264f33305004495a9","hash":"dbac82d959b03ac037b10dfca72078ce7f94d334"}
,"/Users/ericoliveira/Documents/htdocs/interview_tests/metacto_homework/api/src/routes/votes.js": {"path":"/Users/ericoliveira/Documents/htdocs/interview_tests/metacto_homework/api/src/routes/votes.js","statementMap":{"0":{"start":{"line":1,"column":16},"end":{"line":1,"column":34}},"1":{"start":{"line":2,"column":15},"end":{"line":2,"column":31}},"2":{"start":{"line":3,"column":11},"end":{"line":3,"column":36}},"3":{"start":{"line":4,"column":25},"end":{"line":4,"column":60}},"4":{"start":{"line":7,"column":0},"end":{"line":55,"column":3}},"5":{"start":{"line":8,"column":42},"end":{"line":8,"column":50}},"6":{"start":{"line":10,"column":2},"end":{"line":54,"column":3}},"7":{"start":{"line":12,"column":20},"end":{"line":12,"column":85}},"8":{"start":{"line":14,"column":4},"end":{"line":16,"column":5}},"9":{"start":{"line":15,"column":6},"end":{"line":15,"column":66}},"10":{"start":{"line":19,"column":17},"end":{"line":19,"column":76}},"11":{"start":{"line":21,"column":4},"end":{"line":23,"column":5}},"12":{"start":{"line":22,"column":6},"end":{"line":22,"column":63}},"13":{"start":{"line":26,"column":25},"end":{"line":27,"column":29}},"14":{"start":{"line":29,"column":4},"end":{"line":51,"column":5}},"15":{"start":{"line":31,"column":6},"end":{"line":32,"column":42}},"16":{"start":{"line":34,"column":6},"end":{"line":39,"column":9}},"17":{"start":{"line":42,"column":21},"end":{"line":42,"column":102}},"18":{"start":{"line":43,"column":21},"end":{"line":43,"column":60}},"19":{"start":{"line":45,"column":6},"end":{"line":50,"column":9}},"20":{"start":{"line":53,"column":4},"end":{"line":53,"column":76}},"21":{"start":{"line":58,"column":0},"end":{"line":78,"column":3}},"22":{"start":{"line":59,"column":20},"end":{"line":59,"column":49}},"23":{"start":{"line":60,"column":17},"end":{"line":60,"column":43}},"24":{"start":{"line":62,"column":2},"end":{"line":64,"column":3}},"25":{"start":{"line":63,"column":4},"end":{"line":63,"column":80}},"26":{"start":{"line":66,"column":2},"end":{"line":77,"column":3}},"27":{"start":{"line":67,"column":19},"end":{"line":68,"column":29}},"28":{"start":{"line":70,"column":4},"end":{"line":72,"column":5}},"29":{"start":{"line":71,"column":6},"end":{"line":71,"column":63}},"30":{"start":{"line":74,"column":4},"end":{"line":74,"column":55}},"31":{"start":{"line":76,"column":4},"end":{"line":76,"column":76}},"32":{"start":{"line":80,"column":0},"end":{"line":80,"column":24}}},"fnMap":{"0":{"name":"(anonymous_0)","decl":{"start":{"line":7,"column":31},"end":{"line":7,"column":32}},"loc":{"start":{"line":7,"column":45},"end":{"line":55,"column":1}},"line":7},"1":{"name":"(anonymous_1)","decl":{"start":{"line":58,"column":19},"end":{"line":58,"column":20}},"loc":{"start":{"line":58,"column":33},"end":{"line":78,"column":1}},"line":58}},"branchMap":{"0":{"loc":{"start":{"line":14,"column":4},"end":{"line":16,"column":5}},"type":"if","locations":[{"start":{"line":14,"column":4},"end":{"line":16,"column":5}},{"start":{},"end":{}}],"line":14},"1":{"loc":{"start":{"line":21,"column":4},"end":{"line":23,"column":5}},"type":"if","locations":[{"start":{"line":21,"column":4},"end":{"line":23,"column":5}},{"start":{},"end":{}}],"line":21},"2":{"loc":{"start":{"line":29,"column":4},"end":{"line":51,"column":5}},"type":"if","locations":[{"start":{"line":29,"column":4},"end":{"line":51,"column":5}},{"start":{"line":40,"column":11},"end":{"line":51,"column":5}}],"line":29},"3":{"loc":{"start":{"line":62,"column":2},"end":{"line":64,"column":3}},"type":"if","locations":[{"start":{"line":62,"column":2},"end":{"line":64,"column":3}},{"start":{},"end":{}}],"line":62},"4":{"loc":{"start":{"line":62,"column":6},"end":{"line":62,"column":27}},"type":"binary-expr","locations":[{"start":{"line":62,"column":6},"end":{"line":62,"column":16}},{"start":{"line":62,"column":20},"end":{"line":62,"column":27}}],"line":62},"5":{"loc":{"start":{"line":70,"column":4},"end":{"line":72,"column":5}},"type":"if","locations":[{"start":{"line":70,"column":4},"end":{"line":72,"column":5}},{"start":{},"end":{}}],"line":70}},"s":{"0":1,"1":1,"2":1,"3":1,"4":1,"5":0,"6":0,"7":0,"8":0,"9":0,"10":0,"11":0,"12":0,"13":0,"14":0,"15":0,"16":0,"17":0,"18":0,"19":0,"20":0,"21":1,"22":0,"23":0,"24":0,"25":0,"26":0,"27":0,"28":0,"29":0,"30":0,"31":0,"32":1},"f":{"0":0,"1":0},"b":{"0":[0,0],"1":[0,0],"2":[0,0],"3":[0,0],"4":[0,0],"5":[0,0]},"_coverageSchema":"1a1c01bbd47fc00a2c39e90264f33305004495a9","hash":"27f022698e32115830bc83a626f4f31fd7ca124c"}
}
