TN:
SF:src/database/db.js
FN:14,(anonymous_0)
FNF:1
FNH:0
FNDA:0,(anonymous_0)
DA:1,0
DA:2,0
DA:3,0
DA:5,0
DA:6,0
DA:9,0
DA:11,0
DA:14,0
DA:15,0
DA:17,0
DA:18,0
DA:19,0
DA:21,0
DA:26,0
DA:28,0
LF:15
LH:0
BRF:0
BRH:0
end_of_record
TN:
SF:src/middleware/validation.js
FN:2,(anonymous_0)
FN:17,(anonymous_1)
FN:45,(anonymous_2)
FNF:3
FNH:3
FNDA:9,(anonymous_0)
FNDA:10,(anonymous_1)
FNDA:8,(anonymous_2)
DA:2,2
DA:3,9
DA:5,9
DA:6,5
DA:9,4
DA:10,1
DA:13,3
DA:14,3
DA:17,2
DA:18,10
DA:20,10
DA:21,1
DA:24,9
DA:25,1
DA:28,8
DA:29,2
DA:32,6
DA:33,1
DA:36,5
DA:37,1
DA:40,4
DA:41,4
DA:42,4
DA:45,2
DA:46,8
DA:48,8
DA:49,2
DA:52,6
DA:53,2
DA:56,4
DA:57,2
DA:60,2
DA:63,2
LF:33
LH:33
BRDA:5,0,0,5
BRDA:5,0,1,4
BRDA:5,1,0,9
BRDA:5,1,1,6
BRDA:5,1,2,5
BRDA:9,2,0,1
BRDA:9,2,1,3
BRDA:20,3,0,1
BRDA:20,3,1,9
BRDA:20,4,0,10
BRDA:20,4,1,9
BRDA:20,4,2,9
BRDA:24,5,0,1
BRDA:24,5,1,8
BRDA:24,6,0,9
BRDA:24,6,1,8
BRDA:24,6,2,8
BRDA:28,7,0,2
BRDA:28,7,1,6
BRDA:28,8,0,8
BRDA:28,8,1,7
BRDA:32,9,0,1
BRDA:32,9,1,5
BRDA:36,10,0,1
BRDA:36,10,1,4
BRDA:48,11,0,2
BRDA:48,11,1,6
BRDA:48,12,0,8
BRDA:48,12,1,7
BRDA:52,13,0,2
BRDA:52,13,1,4
BRDA:52,14,0,6
BRDA:52,14,1,5
BRDA:56,15,0,2
BRDA:56,15,1,2
BRDA:56,16,0,4
BRDA:56,16,1,3
BRF:37
BRH:37
end_of_record
TN:
SF:src/routes/features.js
FN:7,(anonymous_0)
FN:36,(anonymous_1)
FN:71,(anonymous_2)
FN:100,(anonymous_3)
FN:134,(anonymous_4)
FNF:5
FNH:0
FNDA:0,(anonymous_0)
FNDA:0,(anonymous_1)
FNDA:0,(anonymous_2)
FNDA:0,(anonymous_3)
FNDA:0,(anonymous_4)
DA:1,1
DA:2,1
DA:3,1
DA:4,1
DA:7,1
DA:8,0
DA:10,0
DA:11,0
DA:28,0
DA:29,0
DA:31,0
DA:36,1
DA:37,0
DA:38,0
DA:40,0
DA:41,0
DA:58,0
DA:60,0
DA:61,0
DA:64,0
DA:66,0
DA:71,1
DA:72,0
DA:74,0
DA:76,0
DA:78,0
DA:79,0
DA:83,0
DA:84,0
DA:87,0
DA:93,0
DA:95,0
DA:100,1
DA:101,0
DA:102,0
DA:104,0
DA:106,0
DA:108,0
DA:109,0
DA:112,0
DA:113,0
DA:117,0
DA:121,0
DA:127,0
DA:129,0
DA:134,1
DA:135,0
DA:136,0
DA:138,0
DA:139,0
DA:142,0
DA:144,0
DA:146,0
DA:147,0
DA:150,0
DA:151,0
DA:155,0
DA:157,0
DA:159,0
DA:163,1
LF:60
LH:10
BRDA:8,0,0,0
BRDA:8,0,1,0
BRDA:22,1,0,0
BRDA:22,1,1,0
BRDA:38,2,0,0
BRDA:38,2,1,0
BRDA:52,3,0,0
BRDA:52,3,1,0
BRDA:60,4,0,0
BRDA:60,4,1,0
BRDA:78,5,0,0
BRDA:78,5,1,0
BRDA:108,6,0,0
BRDA:108,6,1,0
BRDA:112,7,0,0
BRDA:112,7,1,0
BRDA:138,8,0,0
BRDA:138,8,1,0
BRDA:146,9,0,0
BRDA:146,9,1,0
BRDA:150,10,0,0
BRDA:150,10,1,0
BRF:22
BRH:0
end_of_record
TN:
SF:src/routes/users.js
FN:7,(anonymous_0)
FNF:1
FNH:0
FNDA:0,(anonymous_0)
DA:1,1
DA:2,1
DA:3,1
DA:4,1
DA:7,1
DA:8,0
DA:10,0
DA:12,0
DA:14,0
DA:16,0
DA:20,0
DA:21,0
DA:23,0
DA:28,0
DA:32,1
LF:15
LH:6
BRDA:14,0,0,0
BRDA:14,0,1,0
BRF:2
BRH:0
end_of_record
TN:
SF:src/routes/votes.js
FN:7,(anonymous_0)
FN:58,(anonymous_1)
FNF:2
FNH:0
FNDA:0,(anonymous_0)
FNDA:0,(anonymous_1)
DA:1,1
DA:2,1
DA:3,1
DA:4,1
DA:7,1
DA:8,0
DA:10,0
DA:12,0
DA:14,0
DA:15,0
DA:19,0
DA:21,0
DA:22,0
DA:26,0
DA:29,0
DA:31,0
DA:34,0
DA:42,0
DA:43,0
DA:45,0
DA:53,0
DA:58,1
DA:59,0
DA:60,0
DA:62,0
DA:63,0
DA:66,0
DA:67,0
DA:70,0
DA:71,0
DA:74,0
DA:76,0
DA:80,1
LF:33
LH:7
BRDA:14,0,0,0
BRDA:14,0,1,0
BRDA:21,1,0,0
BRDA:21,1,1,0
BRDA:29,2,0,0
BRDA:29,2,1,0
BRDA:62,3,0,0
BRDA:62,3,1,0
BRDA:62,4,0,0
BRDA:62,4,1,0
BRDA:70,5,0,0
BRDA:70,5,1,0
BRF:12
BRH:0
end_of_record
