{"/Users/ericoliveira/Documents/htdocs/interview_tests/metacto_homework/mobile/src/components/FeatureCard.tsx": {"path":"/Users/ericoliveira/Documents/htdocs/interview_tests/metacto_homework/mobile/src/components/FeatureCard.tsx","statementMap":{"0":{"start":{"line":13,"column":48},"end":{"line":38,"column":1}},"1":{"start":{"line":14,"column":2},"end":{"line":37,"column":4}}},"fnMap":{"0":{"name":"(anonymous_0)","decl":{"start":{"line":13,"column":48},"end":{"line":13,"column":49}},"loc":{"start":{"line":13,"column":82},"end":{"line":38,"column":1}},"line":13}},"branchMap":{},"s":{"0":2,"1":40},"f":{"0":40},"b":{},"_coverageSchema":"1a1c01bbd47fc00a2c39e90264f33305004495a9","hash":"75f84a1df70396d881788c2f071df5274c9e84bf"}
,"/Users/ericoliveira/Documents/htdocs/interview_tests/metacto_homework/mobile/src/components/FeatureForm.tsx": {"path":"/Users/ericoliveira/Documents/htdocs/interview_tests/metacto_homework/mobile/src/components/FeatureForm.tsx","statementMap":{"0":{"start":{"line":12,"column":48},"end":{"line":72,"column":1}},"1":{"start":{"line":18,"column":28},"end":{"line":18,"column":50}},"2":{"start":{"line":19,"column":40},"end":{"line":19,"column":68}},"3":{"start":{"line":20,"column":32},"end":{"line":20,"column":47}},"4":{"start":{"line":22,"column":23},"end":{"line":36,"column":3}},"5":{"start":{"line":23,"column":4},"end":{"line":26,"column":5}},"6":{"start":{"line":24,"column":6},"end":{"line":24,"column":72}},"7":{"start":{"line":25,"column":6},"end":{"line":25,"column":13}},"8":{"start":{"line":28,"column":4},"end":{"line":28,"column":21}},"9":{"start":{"line":29,"column":4},"end":{"line":35,"column":5}},"10":{"start":{"line":30,"column":6},"end":{"line":30,"column":55}},"11":{"start":{"line":32,"column":6},"end":{"line":32,"column":84}},"12":{"start":{"line":34,"column":6},"end":{"line":34,"column":24}},"13":{"start":{"line":38,"column":2},"end":{"line":71,"column":4}}},"fnMap":{"0":{"name":"(anonymous_0)","decl":{"start":{"line":12,"column":48},"end":{"line":12,"column":49}},"loc":{"start":{"line":17,"column":6},"end":{"line":72,"column":1}},"line":17},"1":{"name":"(anonymous_1)","decl":{"start":{"line":22,"column":23},"end":{"line":22,"column":24}},"loc":{"start":{"line":22,"column":35},"end":{"line":36,"column":3}},"line":22}},"branchMap":{"0":{"loc":{"start":{"line":13,"column":2},"end":{"line":13,"column":19}},"type":"default-arg","locations":[{"start":{"line":13,"column":17},"end":{"line":13,"column":19}}],"line":13},"1":{"loc":{"start":{"line":14,"column":2},"end":{"line":14,"column":25}},"type":"default-arg","locations":[{"start":{"line":14,"column":23},"end":{"line":14,"column":25}}],"line":14},"2":{"loc":{"start":{"line":16,"column":2},"end":{"line":16,"column":24}},"type":"default-arg","locations":[{"start":{"line":16,"column":16},"end":{"line":16,"column":24}}],"line":16},"3":{"loc":{"start":{"line":23,"column":4},"end":{"line":26,"column":5}},"type":"if","locations":[{"start":{"line":23,"column":4},"end":{"line":26,"column":5}},{"start":{},"end":{}}],"line":23},"4":{"loc":{"start":{"line":23,"column":8},"end":{"line":23,"column":44}},"type":"binary-expr","locations":[{"start":{"line":23,"column":8},"end":{"line":23,"column":21}},{"start":{"line":23,"column":25},"end":{"line":23,"column":44}}],"line":23},"5":{"loc":{"start":{"line":60,"column":31},"end":{"line":60,"column":63}},"type":"binary-expr","locations":[{"start":{"line":60,"column":31},"end":{"line":60,"column":38}},{"start":{"line":60,"column":42},"end":{"line":60,"column":63}}],"line":60},"6":{"loc":{"start":{"line":64,"column":9},"end":{"line":68,"column":9}},"type":"cond-expr","locations":[{"start":{"line":65,"column":10},"end":{"line":65,"column":45}},{"start":{"line":67,"column":10},"end":{"line":67,"column":62}}],"line":64}},"s":{"0":3,"1":98,"2":98,"3":98,"4":98,"5":20,"6":5,"7":5,"8":15,"9":15,"10":15,"11":3,"12":15,"13":98},"f":{"0":98,"1":20},"b":{"0":[70],"1":[70],"2":[43],"3":[5,15],"4":[20,17],"5":[98,15],"6":[15,83]},"_coverageSchema":"1a1c01bbd47fc00a2c39e90264f33305004495a9","hash":"9ba8c992e94bdfc820b5062fb0edc74009d57857"}
,"/Users/ericoliveira/Documents/htdocs/interview_tests/metacto_homework/mobile/src/components/VoteButtons.tsx": {"path":"/Users/ericoliveira/Documents/htdocs/interview_tests/metacto_homework/mobile/src/components/VoteButtons.tsx","statementMap":{"0":{"start":{"line":13,"column":48},"end":{"line":39,"column":1}},"1":{"start":{"line":14,"column":2},"end":{"line":38,"column":4}},"2":{"start":{"line":22,"column":23},"end":{"line":22,"column":37}},"3":{"start":{"line":33,"column":23},"end":{"line":33,"column":40}}},"fnMap":{"0":{"name":"(anonymous_0)","decl":{"start":{"line":13,"column":48},"end":{"line":13,"column":49}},"loc":{"start":{"line":13,"column":91},"end":{"line":39,"column":1}},"line":13},"1":{"name":"(anonymous_1)","decl":{"start":{"line":22,"column":17},"end":{"line":22,"column":18}},"loc":{"start":{"line":22,"column":23},"end":{"line":22,"column":37}},"line":22},"2":{"name":"(anonymous_2)","decl":{"start":{"line":33,"column":17},"end":{"line":33,"column":18}},"loc":{"start":{"line":33,"column":23},"end":{"line":33,"column":40}},"line":33}},"branchMap":{"0":{"loc":{"start":{"line":20,"column":10},"end":{"line":20,"column":52}},"type":"binary-expr","locations":[{"start":{"line":20,"column":10},"end":{"line":20,"column":29}},{"start":{"line":20,"column":33},"end":{"line":20,"column":52}}],"line":20},"1":{"loc":{"start":{"line":31,"column":10},"end":{"line":31,"column":55}},"type":"binary-expr","locations":[{"start":{"line":31,"column":10},"end":{"line":31,"column":32}},{"start":{"line":31,"column":36},"end":{"line":31,"column":55}}],"line":31}},"s":{"0":4,"1":69,"2":9,"3":2},"f":{"0":69,"1":9,"2":2},"b":{"0":[69,19],"1":[69,3]},"_coverageSchema":"1a1c01bbd47fc00a2c39e90264f33305004495a9","hash":"181a42379bc8f653af921593469501ba5bab78da"}
,"/Users/ericoliveira/Documents/htdocs/interview_tests/metacto_homework/mobile/src/context/UserContext.tsx": {"path":"/Users/ericoliveira/Documents/htdocs/interview_tests/metacto_homework/mobile/src/context/UserContext.tsx","statementMap":{"0":{"start":{"line":5,"column":27},"end":{"line":5,"column":80}},"1":{"start":{"line":11,"column":57},"end":{"line":64,"column":1}},"2":{"start":{"line":12,"column":26},"end":{"line":12,"column":53}},"3":{"start":{"line":13,"column":32},"end":{"line":13,"column":55}},"4":{"start":{"line":15,"column":2},"end":{"line":17,"column":9}},"5":{"start":{"line":16,"column":4},"end":{"line":16,"column":15}},"6":{"start":{"line":19,"column":19},"end":{"line":30,"column":3}},"7":{"start":{"line":20,"column":4},"end":{"line":29,"column":5}},"8":{"start":{"line":21,"column":24},"end":{"line":21,"column":39}},"9":{"start":{"line":22,"column":6},"end":{"line":24,"column":7}},"10":{"start":{"line":23,"column":8},"end":{"line":23,"column":27}},"11":{"start":{"line":26,"column":6},"end":{"line":26,"column":50}},"12":{"start":{"line":28,"column":6},"end":{"line":28,"column":24}},"13":{"start":{"line":32,"column":19},"end":{"line":40,"column":3}},"14":{"start":{"line":33,"column":4},"end":{"line":39,"column":5}},"15":{"start":{"line":34,"column":6},"end":{"line":34,"column":38}},"16":{"start":{"line":35,"column":6},"end":{"line":35,"column":24}},"17":{"start":{"line":37,"column":6},"end":{"line":37,"column":49}},"18":{"start":{"line":38,"column":6},"end":{"line":38,"column":18}},"19":{"start":{"line":42,"column":17},"end":{"line":50,"column":3}},"20":{"start":{"line":43,"column":4},"end":{"line":49,"column":5}},"21":{"start":{"line":44,"column":6},"end":{"line":44,"column":31}},"22":{"start":{"line":45,"column":6},"end":{"line":45,"column":20}},"23":{"start":{"line":47,"column":6},"end":{"line":47,"column":49}},"24":{"start":{"line":48,"column":6},"end":{"line":48,"column":18}},"25":{"start":{"line":52,"column":33},"end":{"line":57,"column":3}},"26":{"start":{"line":59,"column":2},"end":{"line":63,"column":4}}},"fnMap":{"0":{"name":"(anonymous_0)","decl":{"start":{"line":11,"column":57},"end":{"line":11,"column":58}},"loc":{"start":{"line":11,"column":75},"end":{"line":64,"column":1}},"line":11},"1":{"name":"(anonymous_1)","decl":{"start":{"line":15,"column":12},"end":{"line":15,"column":13}},"loc":{"start":{"line":15,"column":18},"end":{"line":17,"column":3}},"line":15},"2":{"name":"(anonymous_2)","decl":{"start":{"line":19,"column":19},"end":{"line":19,"column":20}},"loc":{"start":{"line":19,"column":46},"end":{"line":30,"column":3}},"line":19},"3":{"name":"(anonymous_3)","decl":{"start":{"line":32,"column":19},"end":{"line":32,"column":20}},"loc":{"start":{"line":32,"column":60},"end":{"line":40,"column":3}},"line":32},"4":{"name":"(anonymous_4)","decl":{"start":{"line":42,"column":17},"end":{"line":42,"column":18}},"loc":{"start":{"line":42,"column":44},"end":{"line":50,"column":3}},"line":42}},"branchMap":{"0":{"loc":{"start":{"line":22,"column":6},"end":{"line":24,"column":7}},"type":"if","locations":[{"start":{"line":22,"column":6},"end":{"line":24,"column":7}},{"start":{},"end":{}}],"line":22}},"s":{"0":5,"1":5,"2":0,"3":0,"4":0,"5":0,"6":0,"7":0,"8":0,"9":0,"10":0,"11":0,"12":0,"13":0,"14":0,"15":0,"16":0,"17":0,"18":0,"19":0,"20":0,"21":0,"22":0,"23":0,"24":0,"25":0,"26":0},"f":{"0":0,"1":0,"2":0,"3":0,"4":0},"b":{"0":[0,0]},"_coverageSchema":"1a1c01bbd47fc00a2c39e90264f33305004495a9","hash":"5ad0ec8b278ceb22a970a731e23c85e5601624dc"}
,"/Users/ericoliveira/Documents/htdocs/interview_tests/metacto_homework/mobile/src/hooks/useUser.ts": {"path":"/Users/ericoliveira/Documents/htdocs/interview_tests/metacto_homework/mobile/src/hooks/useUser.ts","statementMap":{"0":{"start":{"line":5,"column":23},"end":{"line":13,"column":1}},"1":{"start":{"line":6,"column":18},"end":{"line":6,"column":41}},"2":{"start":{"line":8,"column":2},"end":{"line":10,"column":3}},"3":{"start":{"line":9,"column":4},"end":{"line":9,"column":66}},"4":{"start":{"line":12,"column":2},"end":{"line":12,"column":17}}},"fnMap":{"0":{"name":"(anonymous_0)","decl":{"start":{"line":5,"column":23},"end":{"line":5,"column":24}},"loc":{"start":{"line":5,"column":46},"end":{"line":13,"column":1}},"line":5}},"branchMap":{"0":{"loc":{"start":{"line":8,"column":2},"end":{"line":10,"column":3}},"type":"if","locations":[{"start":{"line":8,"column":2},"end":{"line":10,"column":3}},{"start":{},"end":{}}],"line":8}},"s":{"0":5,"1":0,"2":0,"3":0,"4":0},"f":{"0":0},"b":{"0":[0,0]},"_coverageSchema":"1a1c01bbd47fc00a2c39e90264f33305004495a9","hash":"abd17bc459fc9ea172dbf78fbbb82770b84ece1d"}
,"/Users/ericoliveira/Documents/htdocs/interview_tests/metacto_homework/mobile/src/screens/CreateFeatureScreen.tsx": {"path":"/Users/ericoliveira/Documents/htdocs/interview_tests/metacto_homework/mobile/src/screens/CreateFeatureScreen.tsx","statementMap":{"0":{"start":{"line":16,"column":45},"end":{"line":40,"column":1}},"1":{"start":{"line":17,"column":19},"end":{"line":17,"column":28}},"2":{"start":{"line":19,"column":23},"end":{"line":33,"column":3}},"3":{"start":{"line":20,"column":4},"end":{"line":23,"column":5}},"4":{"start":{"line":21,"column":6},"end":{"line":21,"column":52}},"5":{"start":{"line":22,"column":6},"end":{"line":22,"column":13}},"6":{"start":{"line":25,"column":4},"end":{"line":32,"column":5}},"7":{"start":{"line":26,"column":6},"end":{"line":26,"column":55}},"8":{"start":{"line":27,"column":6},"end":{"line":29,"column":9}},"9":{"start":{"line":28,"column":37},"end":{"line":28,"column":56}},"10":{"start":{"line":31,"column":6},"end":{"line":31,"column":18}},"11":{"start":{"line":35,"column":2},"end":{"line":39,"column":4}}},"fnMap":{"0":{"name":"(anonymous_0)","decl":{"start":{"line":16,"column":45},"end":{"line":16,"column":46}},"loc":{"start":{"line":16,"column":65},"end":{"line":40,"column":1}},"line":16},"1":{"name":"(anonymous_1)","decl":{"start":{"line":19,"column":23},"end":{"line":19,"column":24}},"loc":{"start":{"line":19,"column":69},"end":{"line":33,"column":3}},"line":19},"2":{"name":"(anonymous_2)","decl":{"start":{"line":28,"column":31},"end":{"line":28,"column":32}},"loc":{"start":{"line":28,"column":37},"end":{"line":28,"column":56}},"line":28}},"branchMap":{"0":{"loc":{"start":{"line":20,"column":4},"end":{"line":23,"column":5}},"type":"if","locations":[{"start":{"line":20,"column":4},"end":{"line":23,"column":5}},{"start":{},"end":{}}],"line":20}},"s":{"0":1,"1":7,"2":7,"3":5,"4":1,"5":1,"6":4,"7":4,"8":3,"9":1,"10":1,"11":7},"f":{"0":7,"1":5,"2":1},"b":{"0":[1,4]},"_coverageSchema":"1a1c01bbd47fc00a2c39e90264f33305004495a9","hash":"5ad056ba39c52eb92191f07abf368da9dfd95851"}
,"/Users/ericoliveira/Documents/htdocs/interview_tests/metacto_homework/mobile/src/screens/EditFeatureScreen.tsx": {"path":"/Users/ericoliveira/Documents/htdocs/interview_tests/metacto_homework/mobile/src/screens/EditFeatureScreen.tsx","statementMap":{"0":{"start":{"line":19,"column":43},"end":{"line":49,"column":1}},"1":{"start":{"line":20,"column":22},"end":{"line":20,"column":34}},"2":{"start":{"line":21,"column":19},"end":{"line":21,"column":28}},"3":{"start":{"line":23,"column":23},"end":{"line":37,"column":3}},"4":{"start":{"line":24,"column":4},"end":{"line":27,"column":5}},"5":{"start":{"line":25,"column":6},"end":{"line":25,"column":52}},"6":{"start":{"line":26,"column":6},"end":{"line":26,"column":13}},"7":{"start":{"line":29,"column":4},"end":{"line":36,"column":5}},"8":{"start":{"line":30,"column":6},"end":{"line":30,"column":67}},"9":{"start":{"line":31,"column":6},"end":{"line":33,"column":9}},"10":{"start":{"line":32,"column":37},"end":{"line":32,"column":56}},"11":{"start":{"line":35,"column":6},"end":{"line":35,"column":18}},"12":{"start":{"line":39,"column":2},"end":{"line":48,"column":4}}},"fnMap":{"0":{"name":"(anonymous_0)","decl":{"start":{"line":19,"column":43},"end":{"line":19,"column":44}},"loc":{"start":{"line":19,"column":70},"end":{"line":49,"column":1}},"line":19},"1":{"name":"(anonymous_1)","decl":{"start":{"line":23,"column":23},"end":{"line":23,"column":24}},"loc":{"start":{"line":23,"column":69},"end":{"line":37,"column":3}},"line":23},"2":{"name":"(anonymous_2)","decl":{"start":{"line":32,"column":31},"end":{"line":32,"column":32}},"loc":{"start":{"line":32,"column":37},"end":{"line":32,"column":56}},"line":32}},"branchMap":{"0":{"loc":{"start":{"line":24,"column":4},"end":{"line":27,"column":5}},"type":"if","locations":[{"start":{"line":24,"column":4},"end":{"line":27,"column":5}},{"start":{},"end":{}}],"line":24}},"s":{"0":1,"1":7,"2":7,"3":7,"4":5,"5":1,"6":1,"7":4,"8":4,"9":3,"10":1,"11":1,"12":7},"f":{"0":7,"1":5,"2":1},"b":{"0":[1,4]},"_coverageSchema":"1a1c01bbd47fc00a2c39e90264f33305004495a9","hash":"c2216430a5ae82298c2712bd99b0072a5c2cf2b1"}
,"/Users/ericoliveira/Documents/htdocs/interview_tests/metacto_homework/mobile/src/screens/FeatureDetailScreen.tsx": {"path":"/Users/ericoliveira/Documents/htdocs/interview_tests/metacto_homework/mobile/src/screens/FeatureDetailScreen.tsx","statementMap":{"0":{"start":{"line":20,"column":45},"end":{"line":126,"column":1}},"1":{"start":{"line":21,"column":38},"end":{"line":21,"column":50}},"2":{"start":{"line":22,"column":32},"end":{"line":22,"column":56}},"3":{"start":{"line":23,"column":19},"end":{"line":23,"column":28}},"4":{"start":{"line":25,"column":18},"end":{"line":25,"column":46}},"5":{"start":{"line":27,"column":21},"end":{"line":61,"column":3}},"6":{"start":{"line":28,"column":4},"end":{"line":28,"column":22}},"7":{"start":{"line":28,"column":15},"end":{"line":28,"column":22}},"8":{"start":{"line":30,"column":4},"end":{"line":60,"column":5}},"9":{"start":{"line":31,"column":6},"end":{"line":57,"column":7}},"10":{"start":{"line":32,"column":8},"end":{"line":32,"column":46}},"11":{"start":{"line":33,"column":8},"end":{"line":38,"column":11}},"12":{"start":{"line":40,"column":8},"end":{"line":40,"column":53}},"13":{"start":{"line":41,"column":8},"end":{"line":56,"column":11}},"14":{"start":{"line":59,"column":6},"end":{"line":59,"column":74}},"15":{"start":{"line":63,"column":21},"end":{"line":65,"column":3}},"16":{"start":{"line":64,"column":4},"end":{"line":64,"column":52}},"17":{"start":{"line":67,"column":23},"end":{"line":91,"column":3}},"18":{"start":{"line":68,"column":4},"end":{"line":68,"column":22}},"19":{"start":{"line":68,"column":15},"end":{"line":68,"column":22}},"20":{"start":{"line":70,"column":4},"end":{"line":90,"column":6}},"21":{"start":{"line":79,"column":12},"end":{"line":86,"column":13}},"22":{"start":{"line":80,"column":14},"end":{"line":80,"column":55}},"23":{"start":{"line":81,"column":14},"end":{"line":83,"column":17}},"24":{"start":{"line":82,"column":45},"end":{"line":82,"column":64}},"25":{"start":{"line":85,"column":14},"end":{"line":85,"column":84}},"26":{"start":{"line":93,"column":2},"end":{"line":125,"column":4}}},"fnMap":{"0":{"name":"(anonymous_0)","decl":{"start":{"line":20,"column":45},"end":{"line":20,"column":46}},"loc":{"start":{"line":20,"column":72},"end":{"line":126,"column":1}},"line":20},"1":{"name":"(anonymous_1)","decl":{"start":{"line":27,"column":21},"end":{"line":27,"column":22}},"loc":{"start":{"line":27,"column":51},"end":{"line":61,"column":3}},"line":27},"2":{"name":"(anonymous_2)","decl":{"start":{"line":63,"column":21},"end":{"line":63,"column":22}},"loc":{"start":{"line":63,"column":27},"end":{"line":65,"column":3}},"line":63},"3":{"name":"(anonymous_3)","decl":{"start":{"line":67,"column":23},"end":{"line":67,"column":24}},"loc":{"start":{"line":67,"column":29},"end":{"line":91,"column":3}},"line":67},"4":{"name":"(anonymous_4)","decl":{"start":{"line":78,"column":19},"end":{"line":78,"column":20}},"loc":{"start":{"line":78,"column":31},"end":{"line":87,"column":11}},"line":78},"5":{"name":"(anonymous_5)","decl":{"start":{"line":82,"column":39},"end":{"line":82,"column":40}},"loc":{"start":{"line":82,"column":45},"end":{"line":82,"column":64}},"line":82}},"branchMap":{"0":{"loc":{"start":{"line":28,"column":4},"end":{"line":28,"column":22}},"type":"if","locations":[{"start":{"line":28,"column":4},"end":{"line":28,"column":22}},{"start":{},"end":{}}],"line":28},"1":{"loc":{"start":{"line":31,"column":6},"end":{"line":57,"column":7}},"type":"if","locations":[{"start":{"line":31,"column":6},"end":{"line":57,"column":7}},{"start":{"line":39,"column":13},"end":{"line":57,"column":7}}],"line":31},"2":{"loc":{"start":{"line":35,"column":17},"end":{"line":35,"column":72}},"type":"cond-expr","locations":[{"start":{"line":35,"column":39},"end":{"line":35,"column":56}},{"start":{"line":35,"column":59},"end":{"line":35,"column":72}}],"line":35},"3":{"loc":{"start":{"line":36,"column":20},"end":{"line":36,"column":84}},"type":"cond-expr","locations":[{"start":{"line":36,"column":45},"end":{"line":36,"column":65}},{"start":{"line":36,"column":68},"end":{"line":36,"column":84}}],"line":36},"4":{"loc":{"start":{"line":44,"column":12},"end":{"line":48,"column":29}},"type":"cond-expr","locations":[{"start":{"line":45,"column":16},"end":{"line":45,"column":33}},{"start":{"line":46,"column":16},"end":{"line":48,"column":29}}],"line":44},"5":{"loc":{"start":{"line":46,"column":16},"end":{"line":48,"column":29}},"type":"cond-expr","locations":[{"start":{"line":47,"column":16},"end":{"line":47,"column":33}},{"start":{"line":48,"column":16},"end":{"line":48,"column":29}}],"line":46},"6":{"loc":{"start":{"line":50,"column":12},"end":{"line":54,"column":32}},"type":"cond-expr","locations":[{"start":{"line":51,"column":16},"end":{"line":51,"column":36}},{"start":{"line":52,"column":16},"end":{"line":54,"column":32}}],"line":50},"7":{"loc":{"start":{"line":52,"column":16},"end":{"line":54,"column":32}},"type":"cond-expr","locations":[{"start":{"line":53,"column":16},"end":{"line":53,"column":36}},{"start":{"line":54,"column":16},"end":{"line":54,"column":32}}],"line":52},"8":{"loc":{"start":{"line":68,"column":4},"end":{"line":68,"column":22}},"type":"if","locations":[{"start":{"line":68,"column":4},"end":{"line":68,"column":22}},{"start":{},"end":{}}],"line":68},"9":{"loc":{"start":{"line":114,"column":7},"end":{"line":123,"column":7}},"type":"binary-expr","locations":[{"start":{"line":114,"column":7},"end":{"line":114,"column":14}},{"start":{"line":115,"column":8},"end":{"line":122,"column":15}}],"line":114}},"s":{"0":1,"1":21,"2":21,"3":21,"4":21,"5":21,"6":5,"7":1,"8":4,"9":4,"10":1,"11":1,"12":3,"13":2,"14":1,"15":21,"16":1,"17":21,"18":4,"19":0,"20":4,"21":3,"22":3,"23":2,"24":1,"25":1,"26":21},"f":{"0":21,"1":5,"2":1,"3":4,"4":3,"5":1},"b":{"0":[1,4],"1":[1,3],"2":[1,0],"3":[0,1],"4":[1,1],"5":[1,0],"6":[1,1],"7":[0,1],"8":[0,4],"9":[21,6]},"_coverageSchema":"1a1c01bbd47fc00a2c39e90264f33305004495a9","hash":"c23e30d2ee6990d735a46394717fea03d4e7f6e2"}
,"/Users/ericoliveira/Documents/htdocs/interview_tests/metacto_homework/mobile/src/screens/FeatureListScreen.tsx": {"path":"/Users/ericoliveira/Documents/htdocs/interview_tests/metacto_homework/mobile/src/screens/FeatureListScreen.tsx","statementMap":{"0":{"start":{"line":26,"column":43},"end":{"line":142,"column":1}},"1":{"start":{"line":27,"column":34},"end":{"line":27,"column":57}},"2":{"start":{"line":28,"column":32},"end":{"line":28,"column":46}},"3":{"start":{"line":29,"column":38},"end":{"line":29,"column":53}},"4":{"start":{"line":30,"column":27},"end":{"line":30,"column":36}},"5":{"start":{"line":32,"column":24},"end":{"line":44,"column":3}},"6":{"start":{"line":33,"column":4},"end":{"line":33,"column":22}},"7":{"start":{"line":33,"column":15},"end":{"line":33,"column":22}},"8":{"start":{"line":35,"column":4},"end":{"line":43,"column":5}},"9":{"start":{"line":36,"column":19},"end":{"line":36,"column":45}},"10":{"start":{"line":37,"column":6},"end":{"line":37,"column":24}},"11":{"start":{"line":39,"column":6},"end":{"line":39,"column":84}},"12":{"start":{"line":41,"column":6},"end":{"line":41,"column":24}},"13":{"start":{"line":42,"column":6},"end":{"line":42,"column":27}},"14":{"start":{"line":46,"column":2},"end":{"line":50,"column":4}},"15":{"start":{"line":48,"column":6},"end":{"line":48,"column":22}},"16":{"start":{"line":52,"column":24},"end":{"line":55,"column":3}},"17":{"start":{"line":53,"column":4},"end":{"line":53,"column":24}},"18":{"start":{"line":54,"column":4},"end":{"line":54,"column":20}},"19":{"start":{"line":57,"column":21},"end":{"line":70,"column":3}},"20":{"start":{"line":58,"column":4},"end":{"line":58,"column":22}},"21":{"start":{"line":58,"column":15},"end":{"line":58,"column":22}},"22":{"start":{"line":60,"column":4},"end":{"line":69,"column":5}},"23":{"start":{"line":61,"column":6},"end":{"line":65,"column":7}},"24":{"start":{"line":62,"column":8},"end":{"line":62,"column":45}},"25":{"start":{"line":64,"column":8},"end":{"line":64,"column":52}},"26":{"start":{"line":66,"column":6},"end":{"line":66,"column":22}},"27":{"start":{"line":68,"column":6},"end":{"line":68,"column":74}},"28":{"start":{"line":72,"column":23},"end":{"line":88,"column":3}},"29":{"start":{"line":73,"column":4},"end":{"line":87,"column":6}},"30":{"start":{"line":82,"column":12},"end":{"line":82,"column":27}},"31":{"start":{"line":83,"column":12},"end":{"line":83,"column":43}},"32":{"start":{"line":90,"column":2},"end":{"line":96,"column":3}},"33":{"start":{"line":91,"column":4},"end":{"line":95,"column":6}},"34":{"start":{"line":98,"column":2},"end":{"line":141,"column":4}},"35":{"start":{"line":114,"column":32},"end":{"line":114,"column":50}},"36":{"start":{"line":116,"column":10},"end":{"line":120,"column":12}},"37":{"start":{"line":118,"column":27},"end":{"line":118,"column":82}},"38":{"start":{"line":119,"column":34},"end":{"line":119,"column":79}},"39":{"start":{"line":136,"column":23},"end":{"line":136,"column":59}}},"fnMap":{"0":{"name":"(anonymous_0)","decl":{"start":{"line":26,"column":43},"end":{"line":26,"column":44}},"loc":{"start":{"line":26,"column":63},"end":{"line":142,"column":1}},"line":26},"1":{"name":"(anonymous_1)","decl":{"start":{"line":32,"column":24},"end":{"line":32,"column":25}},"loc":{"start":{"line":32,"column":36},"end":{"line":44,"column":3}},"line":32},"2":{"name":"(anonymous_2)","decl":{"start":{"line":47,"column":16},"end":{"line":47,"column":17}},"loc":{"start":{"line":47,"column":22},"end":{"line":49,"column":5}},"line":47},"3":{"name":"(anonymous_3)","decl":{"start":{"line":52,"column":24},"end":{"line":52,"column":25}},"loc":{"start":{"line":52,"column":30},"end":{"line":55,"column":3}},"line":52},"4":{"name":"(anonymous_4)","decl":{"start":{"line":57,"column":21},"end":{"line":57,"column":22}},"loc":{"start":{"line":57,"column":100},"end":{"line":70,"column":3}},"line":57},"5":{"name":"(anonymous_5)","decl":{"start":{"line":72,"column":23},"end":{"line":72,"column":24}},"loc":{"start":{"line":72,"column":29},"end":{"line":88,"column":3}},"line":72},"6":{"name":"(anonymous_6)","decl":{"start":{"line":81,"column":19},"end":{"line":81,"column":20}},"loc":{"start":{"line":81,"column":31},"end":{"line":84,"column":11}},"line":81},"7":{"name":"(anonymous_7)","decl":{"start":{"line":114,"column":22},"end":{"line":114,"column":23}},"loc":{"start":{"line":114,"column":32},"end":{"line":114,"column":50}},"line":114},"8":{"name":"(anonymous_8)","decl":{"start":{"line":115,"column":20},"end":{"line":115,"column":21}},"loc":{"start":{"line":116,"column":10},"end":{"line":120,"column":12}},"line":116},"9":{"name":"(anonymous_9)","decl":{"start":{"line":118,"column":21},"end":{"line":118,"column":22}},"loc":{"start":{"line":118,"column":27},"end":{"line":118,"column":82}},"line":118},"10":{"name":"(anonymous_10)","decl":{"start":{"line":119,"column":20},"end":{"line":119,"column":21}},"loc":{"start":{"line":119,"column":34},"end":{"line":119,"column":79}},"line":119},"11":{"name":"(anonymous_11)","decl":{"start":{"line":136,"column":17},"end":{"line":136,"column":18}},"loc":{"start":{"line":136,"column":23},"end":{"line":136,"column":59}},"line":136}},"branchMap":{"0":{"loc":{"start":{"line":33,"column":4},"end":{"line":33,"column":22}},"type":"if","locations":[{"start":{"line":33,"column":4},"end":{"line":33,"column":22}},{"start":{},"end":{}}],"line":33},"1":{"loc":{"start":{"line":58,"column":4},"end":{"line":58,"column":22}},"type":"if","locations":[{"start":{"line":58,"column":4},"end":{"line":58,"column":22}},{"start":{},"end":{}}],"line":58},"2":{"loc":{"start":{"line":61,"column":6},"end":{"line":65,"column":7}},"type":"if","locations":[{"start":{"line":61,"column":6},"end":{"line":65,"column":7}},{"start":{"line":63,"column":13},"end":{"line":65,"column":7}}],"line":61},"3":{"loc":{"start":{"line":90,"column":2},"end":{"line":96,"column":3}},"type":"if","locations":[{"start":{"line":90,"column":2},"end":{"line":96,"column":3}},{"start":{},"end":{}}],"line":90}},"s":{"0":1,"1":42,"2":42,"3":42,"4":42,"5":42,"6":44,"7":1,"8":43,"9":43,"10":35,"11":1,"12":36,"13":36,"14":42,"15":42,"16":42,"17":0,"18":0,"19":42,"20":3,"21":0,"22":3,"23":3,"24":1,"25":2,"26":2,"27":1,"28":42,"29":2,"30":1,"31":1,"32":42,"33":17,"34":25,"35":42,"36":28,"37":1,"38":3,"39":1},"f":{"0":42,"1":44,"2":42,"3":0,"4":3,"5":2,"6":1,"7":42,"8":28,"9":1,"10":3,"11":1},"b":{"0":[1,43],"1":[0,3],"2":[1,2],"3":[17,25]},"_coverageSchema":"1a1c01bbd47fc00a2c39e90264f33305004495a9","hash":"ce12df3a57d5096e124fee38767eeee6726baad7"}
,"/Users/ericoliveira/Documents/htdocs/interview_tests/metacto_homework/mobile/src/screens/UsernameScreen.tsx": {"path":"/Users/ericoliveira/Documents/htdocs/interview_tests/metacto_homework/mobile/src/screens/UsernameScreen.tsx","statementMap":{"0":{"start":{"line":15,"column":40},"end":{"line":66,"column":1}},"1":{"start":{"line":16,"column":34},"end":{"line":16,"column":46}},"2":{"start":{"line":17,"column":32},"end":{"line":17,"column":47}},"3":{"start":{"line":18,"column":23},"end":{"line":18,"column":32}},"4":{"start":{"line":20,"column":23},"end":{"line":36,"column":3}},"5":{"start":{"line":21,"column":4},"end":{"line":24,"column":5}},"6":{"start":{"line":22,"column":6},"end":{"line":22,"column":54}},"7":{"start":{"line":23,"column":6},"end":{"line":23,"column":13}},"8":{"start":{"line":26,"column":4},"end":{"line":26,"column":21}},"9":{"start":{"line":27,"column":4},"end":{"line":35,"column":5}},"10":{"start":{"line":28,"column":19},"end":{"line":28,"column":57}},"11":{"start":{"line":29,"column":6},"end":{"line":29,"column":27}},"12":{"start":{"line":30,"column":6},"end":{"line":30,"column":40}},"13":{"start":{"line":32,"column":6},"end":{"line":32,"column":81}},"14":{"start":{"line":34,"column":6},"end":{"line":34,"column":24}},"15":{"start":{"line":38,"column":2},"end":{"line":65,"column":4}}},"fnMap":{"0":{"name":"(anonymous_0)","decl":{"start":{"line":15,"column":40},"end":{"line":15,"column":41}},"loc":{"start":{"line":15,"column":60},"end":{"line":66,"column":1}},"line":15},"1":{"name":"(anonymous_1)","decl":{"start":{"line":20,"column":23},"end":{"line":20,"column":24}},"loc":{"start":{"line":20,"column":35},"end":{"line":36,"column":3}},"line":20}},"branchMap":{"0":{"loc":{"start":{"line":21,"column":4},"end":{"line":24,"column":5}},"type":"if","locations":[{"start":{"line":21,"column":4},"end":{"line":24,"column":5}},{"start":{},"end":{}}],"line":21},"1":{"loc":{"start":{"line":54,"column":31},"end":{"line":54,"column":63}},"type":"binary-expr","locations":[{"start":{"line":54,"column":31},"end":{"line":54,"column":38}},{"start":{"line":54,"column":42},"end":{"line":54,"column":63}}],"line":54},"2":{"loc":{"start":{"line":58,"column":9},"end":{"line":62,"column":9}},"type":"cond-expr","locations":[{"start":{"line":59,"column":10},"end":{"line":59,"column":45}},{"start":{"line":61,"column":10},"end":{"line":61,"column":57}}],"line":58}},"s":{"0":1,"1":36,"2":36,"3":36,"4":36,"5":9,"6":2,"7":2,"8":7,"9":7,"10":7,"11":6,"12":6,"13":1,"14":7,"15":36},"f":{"0":36,"1":9},"b":{"0":[2,7],"1":[36,7],"2":[7,29]},"_coverageSchema":"1a1c01bbd47fc00a2c39e90264f33305004495a9","hash":"16e75bd3d55db3ffb5e4289330b19ad9c476e2a3"}
,"/Users/ericoliveira/Documents/htdocs/interview_tests/metacto_homework/mobile/src/services/api.ts": {"path":"/Users/ericoliveira/Documents/htdocs/interview_tests/metacto_homework/mobile/src/services/api.ts","statementMap":{"0":{"start":{"line":7,"column":16},"end":{"line":7,"column":43}},"1":{"start":{"line":9,"column":12},"end":{"line":14,"column":2}},"2":{"start":{"line":17,"column":31},"end":{"line":20,"column":1}},"3":{"start":{"line":18,"column":19},"end":{"line":18,"column":63}},"4":{"start":{"line":19,"column":2},"end":{"line":19,"column":23}},"5":{"start":{"line":23,"column":27},"end":{"line":26,"column":1}},"6":{"start":{"line":24,"column":19},"end":{"line":24,"column":73}},"7":{"start":{"line":25,"column":2},"end":{"line":25,"column":23}},"8":{"start":{"line":28,"column":26},"end":{"line":31,"column":1}},"9":{"start":{"line":29,"column":19},"end":{"line":29,"column":77}},"10":{"start":{"line":30,"column":2},"end":{"line":30,"column":23}},"11":{"start":{"line":33,"column":29},"end":{"line":40,"column":1}},"12":{"start":{"line":38,"column":19},"end":{"line":38,"column":87}},"13":{"start":{"line":39,"column":2},"end":{"line":39,"column":23}},"14":{"start":{"line":42,"column":29},"end":{"line":50,"column":1}},"15":{"start":{"line":48,"column":19},"end":{"line":48,"column":92}},"16":{"start":{"line":49,"column":2},"end":{"line":49,"column":23}},"17":{"start":{"line":52,"column":29},"end":{"line":55,"column":1}},"18":{"start":{"line":53,"column":19},"end":{"line":53,"column":92}},"19":{"start":{"line":54,"column":2},"end":{"line":54,"column":23}},"20":{"start":{"line":58,"column":20},"end":{"line":65,"column":1}},"21":{"start":{"line":63,"column":19},"end":{"line":63,"column":76}},"22":{"start":{"line":64,"column":2},"end":{"line":64,"column":23}},"23":{"start":{"line":67,"column":26},"end":{"line":75,"column":1}},"24":{"start":{"line":71,"column":19},"end":{"line":73,"column":3}},"25":{"start":{"line":74,"column":2},"end":{"line":74,"column":23}}},"fnMap":{"0":{"name":"(anonymous_0)","decl":{"start":{"line":17,"column":31},"end":{"line":17,"column":32}},"loc":{"start":{"line":17,"column":74},"end":{"line":20,"column":1}},"line":17},"1":{"name":"(anonymous_1)","decl":{"start":{"line":23,"column":27},"end":{"line":23,"column":28}},"loc":{"start":{"line":23,"column":73},"end":{"line":26,"column":1}},"line":23},"2":{"name":"(anonymous_2)","decl":{"start":{"line":28,"column":26},"end":{"line":28,"column":27}},"loc":{"start":{"line":28,"column":82},"end":{"line":31,"column":1}},"line":28},"3":{"name":"(anonymous_3)","decl":{"start":{"line":33,"column":29},"end":{"line":33,"column":30}},"loc":{"start":{"line":37,"column":23},"end":{"line":40,"column":1}},"line":37},"4":{"name":"(anonymous_4)","decl":{"start":{"line":42,"column":29},"end":{"line":42,"column":30}},"loc":{"start":{"line":47,"column":23},"end":{"line":50,"column":1}},"line":47},"5":{"name":"(anonymous_5)","decl":{"start":{"line":52,"column":29},"end":{"line":52,"column":30}},"loc":{"start":{"line":52,"column":97},"end":{"line":55,"column":1}},"line":52},"6":{"name":"(anonymous_6)","decl":{"start":{"line":58,"column":20},"end":{"line":58,"column":21}},"loc":{"start":{"line":62,"column":85},"end":{"line":65,"column":1}},"line":62},"7":{"name":"(anonymous_7)","decl":{"start":{"line":67,"column":26},"end":{"line":67,"column":27}},"loc":{"start":{"line":70,"column":35},"end":{"line":75,"column":1}},"line":70}},"branchMap":{},"s":{"0":6,"1":6,"2":6,"3":1,"4":1,"5":6,"6":1,"7":1,"8":6,"9":1,"10":1,"11":6,"12":1,"13":1,"14":6,"15":1,"16":1,"17":6,"18":1,"19":1,"20":6,"21":2,"22":2,"23":6,"24":1,"25":1},"f":{"0":1,"1":1,"2":1,"3":1,"4":1,"5":1,"6":2,"7":1},"b":{},"_coverageSchema":"1a1c01bbd47fc00a2c39e90264f33305004495a9","hash":"a9dc9b68e012fe493bb381f4673bcbacae785c13"}
,"/Users/ericoliveira/Documents/htdocs/interview_tests/metacto_homework/mobile/src/utils/storage.ts": {"path":"/Users/ericoliveira/Documents/htdocs/interview_tests/metacto_homework/mobile/src/utils/storage.ts","statementMap":{"0":{"start":{"line":4,"column":17},"end":{"line":4,"column":39}},"1":{"start":{"line":6,"column":24},"end":{"line":13,"column":1}},"2":{"start":{"line":7,"column":2},"end":{"line":12,"column":3}},"3":{"start":{"line":8,"column":4},"end":{"line":8,"column":63}},"4":{"start":{"line":10,"column":4},"end":{"line":10,"column":47}},"5":{"start":{"line":11,"column":4},"end":{"line":11,"column":16}},"6":{"start":{"line":15,"column":23},"end":{"line":23,"column":1}},"7":{"start":{"line":16,"column":2},"end":{"line":22,"column":3}},"8":{"start":{"line":17,"column":21},"end":{"line":17,"column":57}},"9":{"start":{"line":18,"column":4},"end":{"line":18,"column":50}},"10":{"start":{"line":20,"column":4},"end":{"line":20,"column":48}},"11":{"start":{"line":21,"column":4},"end":{"line":21,"column":16}},"12":{"start":{"line":25,"column":25},"end":{"line":32,"column":1}},"13":{"start":{"line":26,"column":2},"end":{"line":31,"column":3}},"14":{"start":{"line":27,"column":4},"end":{"line":27,"column":44}},"15":{"start":{"line":29,"column":4},"end":{"line":29,"column":49}},"16":{"start":{"line":30,"column":4},"end":{"line":30,"column":16}}},"fnMap":{"0":{"name":"(anonymous_0)","decl":{"start":{"line":6,"column":24},"end":{"line":6,"column":25}},"loc":{"start":{"line":6,"column":61},"end":{"line":13,"column":1}},"line":6},"1":{"name":"(anonymous_1)","decl":{"start":{"line":15,"column":23},"end":{"line":15,"column":24}},"loc":{"start":{"line":15,"column":57},"end":{"line":23,"column":1}},"line":15},"2":{"name":"(anonymous_2)","decl":{"start":{"line":25,"column":25},"end":{"line":25,"column":26}},"loc":{"start":{"line":25,"column":52},"end":{"line":32,"column":1}},"line":25}},"branchMap":{"0":{"loc":{"start":{"line":18,"column":11},"end":{"line":18,"column":49}},"type":"cond-expr","locations":[{"start":{"line":18,"column":22},"end":{"line":18,"column":42}},{"start":{"line":18,"column":45},"end":{"line":18,"column":49}}],"line":18}},"s":{"0":6,"1":6,"2":2,"3":2,"4":1,"5":1,"6":6,"7":4,"8":4,"9":3,"10":1,"11":1,"12":6,"13":2,"14":2,"15":1,"16":1},"f":{"0":2,"1":4,"2":2},"b":{"0":[2,1]},"_coverageSchema":"1a1c01bbd47fc00a2c39e90264f33305004495a9","hash":"cbbfc93b2508b8ff647a263e28b27357fad7059a"}
}
