TN:
SF:src/components/FeatureCard.tsx
FN:13,(anonymous_0)
FNF:1
FNH:1
FNDA:40,(anonymous_0)
DA:13,2
DA:14,40
LF:2
LH:2
BRF:0
BRH:0
end_of_record
TN:
SF:src/components/FeatureForm.tsx
FN:12,(anonymous_0)
FN:22,(anonymous_1)
FNF:2
FNH:2
FNDA:98,(anonymous_0)
FNDA:20,(anonymous_1)
DA:12,3
DA:18,98
DA:19,98
DA:20,98
DA:22,98
DA:23,20
DA:24,5
DA:25,5
DA:28,15
DA:29,15
DA:30,15
DA:32,3
DA:34,15
DA:38,98
LF:14
LH:14
BRDA:13,0,0,70
BRDA:14,1,0,70
BRDA:16,2,0,43
BRDA:23,3,0,5
BRDA:23,3,1,15
BRDA:23,4,0,20
BRDA:23,4,1,17
BRDA:60,5,0,98
BRDA:60,5,1,15
BRDA:64,6,0,15
BRDA:64,6,1,83
BRF:11
BRH:11
end_of_record
TN:
SF:src/components/VoteButtons.tsx
FN:13,(anonymous_0)
FN:22,(anonymous_1)
FN:33,(anonymous_2)
FNF:3
FNH:3
FNDA:69,(anonymous_0)
FNDA:9,(anonymous_1)
FNDA:2,(anonymous_2)
DA:13,4
DA:14,69
DA:22,9
DA:33,2
LF:4
LH:4
BRDA:20,0,0,69
BRDA:20,0,1,19
BRDA:31,1,0,69
BRDA:31,1,1,3
BRF:4
BRH:4
end_of_record
TN:
SF:src/context/UserContext.tsx
FN:11,(anonymous_0)
FN:15,(anonymous_1)
FN:19,(anonymous_2)
FN:32,(anonymous_3)
FN:42,(anonymous_4)
FNF:5
FNH:0
FNDA:0,(anonymous_0)
FNDA:0,(anonymous_1)
FNDA:0,(anonymous_2)
FNDA:0,(anonymous_3)
FNDA:0,(anonymous_4)
DA:5,5
DA:11,5
DA:12,0
DA:13,0
DA:15,0
DA:16,0
DA:19,0
DA:20,0
DA:21,0
DA:22,0
DA:23,0
DA:26,0
DA:28,0
DA:32,0
DA:33,0
DA:34,0
DA:35,0
DA:37,0
DA:38,0
DA:42,0
DA:43,0
DA:44,0
DA:45,0
DA:47,0
DA:48,0
DA:52,0
DA:59,0
LF:27
LH:2
BRDA:22,0,0,0
BRDA:22,0,1,0
BRF:2
BRH:0
end_of_record
TN:
SF:src/hooks/useUser.ts
FN:5,(anonymous_0)
FNF:1
FNH:0
FNDA:0,(anonymous_0)
DA:5,5
DA:6,0
DA:8,0
DA:9,0
DA:12,0
LF:5
LH:1
BRDA:8,0,0,0
BRDA:8,0,1,0
BRF:2
BRH:0
end_of_record
TN:
SF:src/screens/CreateFeatureScreen.tsx
FN:16,(anonymous_0)
FN:19,(anonymous_1)
FN:28,(anonymous_2)
FNF:3
FNH:3
FNDA:7,(anonymous_0)
FNDA:5,(anonymous_1)
FNDA:1,(anonymous_2)
DA:16,1
DA:17,7
DA:19,7
DA:20,5
DA:21,1
DA:22,1
DA:25,4
DA:26,4
DA:27,3
DA:28,1
DA:31,1
DA:35,7
LF:12
LH:12
BRDA:20,0,0,1
BRDA:20,0,1,4
BRF:2
BRH:2
end_of_record
TN:
SF:src/screens/EditFeatureScreen.tsx
FN:19,(anonymous_0)
FN:23,(anonymous_1)
FN:32,(anonymous_2)
FNF:3
FNH:3
FNDA:7,(anonymous_0)
FNDA:5,(anonymous_1)
FNDA:1,(anonymous_2)
DA:19,1
DA:20,7
DA:21,7
DA:23,7
DA:24,5
DA:25,1
DA:26,1
DA:29,4
DA:30,4
DA:31,3
DA:32,1
DA:35,1
DA:39,7
LF:13
LH:13
BRDA:24,0,0,1
BRDA:24,0,1,4
BRF:2
BRH:2
end_of_record
TN:
SF:src/screens/FeatureDetailScreen.tsx
FN:20,(anonymous_0)
FN:27,(anonymous_1)
FN:63,(anonymous_2)
FN:67,(anonymous_3)
FN:78,(anonymous_4)
FN:82,(anonymous_5)
FNF:6
FNH:6
FNDA:21,(anonymous_0)
FNDA:5,(anonymous_1)
FNDA:1,(anonymous_2)
FNDA:4,(anonymous_3)
FNDA:3,(anonymous_4)
FNDA:1,(anonymous_5)
DA:20,1
DA:21,21
DA:22,21
DA:23,21
DA:25,21
DA:27,21
DA:28,5
DA:30,4
DA:31,4
DA:32,1
DA:33,1
DA:40,3
DA:41,2
DA:59,1
DA:63,21
DA:64,1
DA:67,21
DA:68,4
DA:70,4
DA:79,3
DA:80,3
DA:81,2
DA:82,1
DA:85,1
DA:93,21
LF:25
LH:25
BRDA:28,0,0,1
BRDA:28,0,1,4
BRDA:31,1,0,1
BRDA:31,1,1,3
BRDA:35,2,0,1
BRDA:35,2,1,0
BRDA:36,3,0,0
BRDA:36,3,1,1
BRDA:44,4,0,1
BRDA:44,4,1,1
BRDA:46,5,0,1
BRDA:46,5,1,0
BRDA:50,6,0,1
BRDA:50,6,1,1
BRDA:52,7,0,0
BRDA:52,7,1,1
BRDA:68,8,0,0
BRDA:68,8,1,4
BRDA:114,9,0,21
BRDA:114,9,1,6
BRF:20
BRH:15
end_of_record
TN:
SF:src/screens/FeatureListScreen.tsx
FN:26,(anonymous_0)
FN:32,(anonymous_1)
FN:47,(anonymous_2)
FN:52,(anonymous_3)
FN:57,(anonymous_4)
FN:72,(anonymous_5)
FN:81,(anonymous_6)
FN:114,(anonymous_7)
FN:115,(anonymous_8)
FN:118,(anonymous_9)
FN:119,(anonymous_10)
FN:136,(anonymous_11)
FNF:12
FNH:11
FNDA:42,(anonymous_0)
FNDA:44,(anonymous_1)
FNDA:42,(anonymous_2)
FNDA:0,(anonymous_3)
FNDA:3,(anonymous_4)
FNDA:2,(anonymous_5)
FNDA:1,(anonymous_6)
FNDA:42,(anonymous_7)
FNDA:28,(anonymous_8)
FNDA:1,(anonymous_9)
FNDA:3,(anonymous_10)
FNDA:1,(anonymous_11)
DA:26,1
DA:27,42
DA:28,42
DA:29,42
DA:30,42
DA:32,42
DA:33,44
DA:35,43
DA:36,43
DA:37,35
DA:39,1
DA:41,36
DA:42,36
DA:46,42
DA:48,42
DA:52,42
DA:53,0
DA:54,0
DA:57,42
DA:58,3
DA:60,3
DA:61,3
DA:62,1
DA:64,2
DA:66,2
DA:68,1
DA:72,42
DA:73,2
DA:82,1
DA:83,1
DA:90,42
DA:91,17
DA:98,25
DA:114,42
DA:116,28
DA:118,1
DA:119,3
DA:136,1
LF:38
LH:36
BRDA:33,0,0,1
BRDA:33,0,1,43
BRDA:58,1,0,0
BRDA:58,1,1,3
BRDA:61,2,0,1
BRDA:61,2,1,2
BRDA:90,3,0,17
BRDA:90,3,1,25
BRF:8
BRH:7
end_of_record
TN:
SF:src/screens/UsernameScreen.tsx
FN:15,(anonymous_0)
FN:20,(anonymous_1)
FNF:2
FNH:2
FNDA:36,(anonymous_0)
FNDA:9,(anonymous_1)
DA:15,1
DA:16,36
DA:17,36
DA:18,36
DA:20,36
DA:21,9
DA:22,2
DA:23,2
DA:26,7
DA:27,7
DA:28,7
DA:29,6
DA:30,6
DA:32,1
DA:34,7
DA:38,36
LF:16
LH:16
BRDA:21,0,0,2
BRDA:21,0,1,7
BRDA:54,1,0,36
BRDA:54,1,1,7
BRDA:58,2,0,7
BRDA:58,2,1,29
BRF:6
BRH:6
end_of_record
TN:
SF:src/services/api.ts
FN:17,(anonymous_0)
FN:23,(anonymous_1)
FN:28,(anonymous_2)
FN:33,(anonymous_3)
FN:42,(anonymous_4)
FN:52,(anonymous_5)
FN:58,(anonymous_6)
FN:67,(anonymous_7)
FNF:8
FNH:8
FNDA:1,(anonymous_0)
FNDA:1,(anonymous_1)
FNDA:1,(anonymous_2)
FNDA:1,(anonymous_3)
FNDA:1,(anonymous_4)
FNDA:1,(anonymous_5)
FNDA:2,(anonymous_6)
FNDA:1,(anonymous_7)
DA:7,6
DA:9,6
DA:17,6
DA:18,1
DA:19,1
DA:23,6
DA:24,1
DA:25,1
DA:28,6
DA:29,1
DA:30,1
DA:33,6
DA:38,1
DA:39,1
DA:42,6
DA:48,1
DA:49,1
DA:52,6
DA:53,1
DA:54,1
DA:58,6
DA:63,2
DA:64,2
DA:67,6
DA:71,1
DA:74,1
LF:26
LH:26
BRF:0
BRH:0
end_of_record
TN:
SF:src/utils/storage.ts
FN:6,(anonymous_0)
FN:15,(anonymous_1)
FN:25,(anonymous_2)
FNF:3
FNH:3
FNDA:2,(anonymous_0)
FNDA:4,(anonymous_1)
FNDA:2,(anonymous_2)
DA:4,6
DA:6,6
DA:7,2
DA:8,2
DA:10,1
DA:11,1
DA:15,6
DA:16,4
DA:17,4
DA:18,3
DA:20,1
DA:21,1
DA:25,6
DA:26,2
DA:27,2
DA:29,1
DA:30,1
LF:17
LH:17
BRDA:18,0,0,2
BRDA:18,0,1,1
BRF:2
BRH:2
end_of_record
